# JRE version: OpenJDK Runtime Environment (11.0.12+7) (build 11.0.12+7-post-Debian-2)
# Java VM: OpenJDK 64-Bit Server VM (11.0.12+7-post-Debian-2, mixed mode, sharing, tiered, compressed oops, g1 gc, linux-amd64)
Heap:
 garbage-first heap   total 129024K, used 40485K [0x0000000084200000, 0x0000000100000000)
  region size 1024K, 37 young (37888K), 1 survivors (1024K)
 Metaspace       used 4892K, capacity 6439K, committed 6656K, reserved 1056768K
  class space    used 598K, capacity 760K, committed 768K, reserved 1048576K
GC Heap History (20 events):
Event: 1.197 GC heap before
{Heap before GC invocations=0 (full 0):
 garbage-first heap   total 129024K, used 23240K [0x0000000084200000, 0x0000000100000000)
  region size 1024K, 22 young (22528K), 0 survivors (0K)
 Metaspace       used 3516K, capacity 5427K, committed 5760K, reserved 1056768K
  class space    used 374K, capacity 554K, committed 640K, reserved 1048576K
}
Event: 1.293 GC heap after
{Heap after GC invocations=1 (full 0):
 garbage-first heap   total 129024K, used 3865K [0x0000000084200000, 0x0000000100000000)
  region size 1024K, 3 young (3072K), 3 survivors (3072K)
 Metaspace       used 3516K, capacity 5427K, committed 5760K, reserved 1056768K
  class space    used 374K, capacity 554K, committed 640K, reserved 1048576K
}
Event: 2.831 GC heap before
{Heap before GC invocations=1 (full 0):
 garbage-first heap   total 129024K, used 22297K [0x0000000084200000, 0x0000000100000000)
  region size 1024K, 21 young (21504K), 3 survivors (3072K)
 Metaspace       used 3516K, capacity 5427K, committed 5760K, reserved 1056768K
  class space    used 374K, capacity 554K, committed 640K, reserved 1048576K
}
Event: 2.836 GC heap after
{Heap after GC invocations=2 (full 0):
 garbage-first heap   total 129024K, used 3990K [0x0000000084200000, 0x0000000100000000)
  region size 1024K, 1 young (1024K), 1 survivors (1024K)
 Metaspace       used 3516K, capacity 5427K, committed 5760K, reserved 1056768K
  class space    used 374K, capacity 554K, committed 640K, reserved 1048576K
}
Event: 5.178 GC heap before
{Heap before GC invocations=2 (full 0):
 garbage-first heap   total 129024K, used 37782K [0x0000000084200000, 0x0000000100000000)
  region size 1024K, 34 young (34816K), 1 survivors (1024K)
 Metaspace       used 4672K, capacity 6285K, committed 6400K, reserved 1056768K
  class space    used 573K, capacity 752K, committed 768K, reserved 1048576K
}
Event: 5.184 GC heap after
{Heap after GC invocations=3 (full 0):
 garbage-first heap   total 129024K, used 4493K [0x0000000084200000, 0x0000000100000000)
  region size 1024K, 1 young (1024K), 1 survivors (1024K)
 Metaspace       used 4672K, capacity 6285K, committed 6400K, reserved 1056768K
  class space    used 573K, capacity 752K, committed 768K, reserved 1048576K
}
Event: 14.887 GC heap before
{Heap before GC invocations=3 (full 0):
 garbage-first heap   total 129024K, used 79245K [0x0000000084200000, 0x0000000100000000)
  region size 1024K, 74 young (75776K), 1 survivors (1024K)
 Metaspace       used 4891K, capacity 6439K, committed 6656K, reserved 1056768K
  class space    used 598K, capacity 760K, committed 768K, reserved 1048576K
}
Event: 14.891 GC heap after
{Heap after GC invocations=4 (full 0):
 garbage-first heap   total 129024K, used 4673K [0x0000000084200000, 0x0000000100000000)
  region size 1024K, 1 young (1024K), 1 survivors (1024K)
 Metaspace       used 4891K, capacity 6439K, committed 6656K, reserved 1056768K
  class space    used 598K, capacity 760K, committed 768K, reserved 1048576K
}
Event: 22.816 GC heap before
{Heap before GC invocations=4 (full 0):
 garbage-first heap   total 129024K, used 79425K [0x0000000084200000, 0x0000000100000000)
  region size 1024K, 74 young (75776K), 1 survivors (1024K)
 Metaspace       used 4891K, capacity 6439K, committed 6656K, reserved 1056768K
  class space    used 598K, capacity 760K, committed 768K, reserved 1048576K
}
Event: 22.817 GC heap after
{Heap after GC invocations=5 (full 0):
 garbage-first heap   total 129024K, used 4656K [0x0000000084200000, 0x0000000100000000)
  region size 1024K, 1 young (1024K), 1 survivors (1024K)
 Metaspace       used 4891K, capacity 6439K, committed 6656K, reserved 1056768K
  class space    used 598K, capacity 760K, committed 768K, reserved 1048576K
}
Event: 29.459 GC heap before
{Heap before GC invocations=5 (full 0):
 garbage-first heap   total 129024K, used 79408K [0x0000000084200000, 0x0000000100000000)
  region size 1024K, 74 young (75776K), 1 survivors (1024K)
 Metaspace       used 4891K, capacity 6439K, committed 6656K, reserved 1056768K
  class space    used 598K, capacity 760K, committed 768K, reserved 1048576K
}
Event: 29.461 GC heap after
{Heap after GC invocations=6 (full 0):
 garbage-first heap   total 129024K, used 4639K [0x0000000084200000, 0x0000000100000000)
  region size 1024K, 1 young (1024K), 1 survivors (1024K)
 Metaspace       used 4891K, capacity 6439K, committed 6656K, reserved 1056768K
  class space    used 598K, capacity 760K, committed 768K, reserved 1048576K
}
Event: 35.512 GC heap before
{Heap before GC invocations=6 (full 0):
 garbage-first heap   total 129024K, used 79391K [0x0000000084200000, 0x0000000100000000)
  region size 1024K, 74 young (75776K), 1 survivors (1024K)
 Metaspace       used 4891K, capacity 6439K, committed 6656K, reserved 1056768K
  class space    used 598K, capacity 760K, committed 768K, reserved 1048576K
}
Event: 35.514 GC heap after
{Heap after GC invocations=7 (full 0):
 garbage-first heap   total 129024K, used 4669K [0x0000000084200000, 0x0000000100000000)
  region size 1024K, 1 young (1024K), 1 survivors (1024K)
 Metaspace       used 4891K, capacity 6439K, committed 6656K, reserved 1056768K
  class space    used 598K, capacity 760K, committed 768K, reserved 1048576K
}
Event: 41.845 GC heap before
{Heap before GC invocations=7 (full 0):
 garbage-first heap   total 129024K, used 79421K [0x0000000084200000, 0x0000000100000000)
  region size 1024K, 74 young (75776K), 1 survivors (1024K)
 Metaspace       used 4891K, capacity 6439K, committed 6656K, reserved 1056768K
  class space    used 598K, capacity 760K, committed 768K, reserved 1048576K
}
Event: 41.846 GC heap after
{Heap after GC invocations=8 (full 0):
 garbage-first heap   total 129024K, used 4648K [0x0000000084200000, 0x0000000100000000)
  region size 1024K, 1 young (1024K), 1 survivors (1024K)
 Metaspace       used 4891K, capacity 6439K, committed 6656K, reserved 1056768K
  class space    used 598K, capacity 760K, committed 768K, reserved 1048576K
}
Event: 47.885 GC heap before
{Heap before GC invocations=8 (full 0):
 garbage-first heap   total 129024K, used 79400K [0x0000000084200000, 0x0000000100000000)
  region size 1024K, 74 young (75776K), 1 survivors (1024K)
 Metaspace       used 4891K, capacity 6439K, committed 6656K, reserved 1056768K
  class space    used 598K, capacity 760K, committed 768K, reserved 1048576K
}
Event: 47.887 GC heap after
{Heap after GC invocations=9 (full 0):
 garbage-first heap   total 129024K, used 4652K [0x0000000084200000, 0x0000000100000000)
  region size 1024K, 1 young (1024K), 1 survivors (1024K)
 Metaspace       used 4891K, capacity 6439K, committed 6656K, reserved 1056768K
  class space    used 598K, capacity 760K, committed 768K, reserved 1048576K
}
Event: 54.396 GC heap before
{Heap before GC invocations=9 (full 0):
 garbage-first heap   total 129024K, used 79404K [0x0000000084200000, 0x0000000100000000)
  region size 1024K, 74 young (75776K), 1 survivors (1024K)
 Metaspace       used 4891K, capacity 6439K, committed 6656K, reserved 1056768K
  class space    used 598K, capacity 760K, committed 768K, reserved 1048576K
}
Event: 54.398 GC heap after
{Heap after GC invocations=10 (full 0):
 garbage-first heap   total 129024K, used 4645K [0x0000000084200000, 0x0000000100000000)
  region size 1024K, 1 young (1024K), 1 survivors (1024K)
 Metaspace       used 4891K, capacity 6439K, committed 6656K, reserved 1056768K
  class space    used 598K, capacity 760K, committed 768K, reserved 1048576K
}

